<?xml version="1.0" encoding="UTF-8" ?>
<testsuite tests="8" failures="2" name="AppTest" time="0.015" errors="0" skipped="2">
  <properties>
[...]
</properties>
  <testcase classname="Scenario: 修改报价正常流程" name="Given 物流后台发布一条需求" time="0.001"/>
  <testcase classname="Scenario: 修改报价正常流程" name="When 进入&quot;待报价&quot;页面" time="0"/>
  <testcase classname="Scenario: 修改报价正常流程" name="Then 目前至少有一个&quot;待报价&quot;的订单" time="0.001"/>
  <testcase classname="Scenario: 修改报价正常流程" name="When 进入&quot;我的报价&quot;页面" time="0"/>
  <testcase classname="Scenario: 修改报价正常流程" name="Then 目前至少有一个&quot;可修改报价&quot;的订单" time="0.002">
    <failure message="没有可修改报价订单！" type="java.lang.AssertionError">java.lang.AssertionError: 没有可修改报价订单！
	at org.junit.Assert.fail(Assert.java:88)
	at org.junit.Assert.assertTrue(Assert.java:41)
	at wuage.features.step_definitions.TestSteps.verfiyMatchOrderAppears(TestSteps.java:478)
	at ✽.Then 目前至少有一个&quot;可修改报价&quot;的订单(quotate.feature:83)
</failure>
    <system-out>[INFO]By.id: change_price元素不存在！
</system-out>
  </testcase>
  <testcase classname="Scenario: 修改报价正常流程" name="Scenario: 修改报价正常流程" time="0.003">
    <failure message="没有可修改报价订单！" type="java.lang.AssertionError">java.lang.AssertionError: 没有可修改报价订单！
	at org.junit.Assert.fail(Assert.java:88)
	at org.junit.Assert.assertTrue(Assert.java:41)
	at wuage.features.step_definitions.TestSteps.verfiyMatchOrderAppears(TestSteps.java:478)
	at ✽.Then 目前至少有一个&quot;可修改报价&quot;的订单(quotate.feature:83)
</failure>
  </testcase>
  <testcase classname="Scenario: 修改报价正常流程" name="When 进入修改报价页修改报价信息:" time="0.003">
    <skipped/>
  </testcase>
  <testcase classname="Scenario: 修改报价正常流程" name="Then 我应该在&quot;我的报价&quot;页" time="0.005">
    <skipped/>
  </testcase>
</testsuite>